
============================================================
2025-05-29 15:02:16,071 - >>> Starting main script
2025-05-29 15:02:16,072 - ============================================================

2025-05-29 15:02:16,073 - • Device     : cuda:0
2025-05-29 15:02:16,074 - • Input args : Namespace(train_path='datasets/D/train.json.gz', test_path='datasets/D/test.json.gz', num_checkpoints=5, gnn_type='transformer', num_layer=3, emb_dim=153, drop_ratio=0.1, transformer_heads=3, num_edge_features=7, jk_mode='last', graph_pooling='attention', no_residual=False, epochs=100, batch_size=32, lr_model=0.001, weight_decay=1e-05, gradient_clipping=1.0, val_split_ratio=0.15, criterion='gcod', label_smoothing=0.1, lr_u=0.01, lambda_l3_weight=0.7, epoch_boost=0, device=0, seed=777, predict=1, num_workers=0)

2025-05-29 15:02:16,075 - >>> Building the model...
2025-05-29 15:02:16,244 - • Model architecture      : transformer
2025-05-29 15:02:16,245 - • Number of layers        : 3
2025-05-29 15:02:16,246 - • Embedding dimension     : 153
2025-05-29 15:02:16,246 - • Dropout                 : 0.1
2025-05-29 15:02:16,247 - • Pooling                 : attention
2025-05-29 15:02:16,248 - • Residual                : True
2025-05-29 15:02:16,248 - • Total parameters        : 712,222

2025-05-29 15:02:16,250 - >>> Preparing train and validation datasets...
2025-05-29 15:05:31,927 - 
------------------------------------------------------------
2025-05-29 15:05:31,928 - >> Dataset: split in training/validation
2025-05-29 15:05:31,928 - ------------------------------------------------------------

2025-05-29 15:05:31,929 - • Full dataset size       : 10280
2025-05-29 15:05:31,929 - • Training set            : 8738 campioni
2025-05-29 15:05:31,930 - • Validation set          : 1542 campioni

2025-05-29 15:05:31,931 - >>> Preparing current training subset loader for atrain calculation (used by GCOD)...
2025-05-29 15:05:31,947 - 
------------------------------------------------------------
2025-05-29 15:05:31,948 - >> Initializing Loss Function
2025-05-29 15:05:31,949 - ------------------------------------------------------------

2025-05-29 15:05:31,949 - • Loss function used    : GCODLoss
2025-05-29 15:05:31,950 - • Number of classes     : 6
2025-05-29 15:05:31,950 - • Embeddings size       : 153
2025-05-29 15:05:31,951 - • Total train samples   : 10280
2025-05-29 15:05:31,953 - • Total epochs          : 100
2025-05-29 15:05:31,953 - • Device                : cuda:0

2025-05-29 15:05:31,980 - >>> Loss function initialized and moved to device

2025-05-29 15:05:31,981 - >>> Starting training loop...
2025-05-29 15:06:12,503 - Epoch 1 | Train Loss: 6.6511 | Train F1: 13.31% | Train Acc: 26.53% | Val Loss: 6.4386 | Val F1: 6.04% | Val Acc: 22.11% | Time: 40.52s | a_train: 0.2732
2025-05-29 15:06:12,518 - Best validation model updated: /kaggle/working/Hackaton_DeepL/checkpoints/D (Val F1: 6.04%)
2025-05-29 15:06:52,609 - Epoch 2 | Train Loss: 5.6256 | Train F1: 19.96% | Train Acc: 35.90% | Val Loss: 6.2069 | Val F1: 27.31% | Val Acc: 44.68% | Time: 40.09s | a_train: 0.2210
2025-05-29 15:06:52,620 - Best validation model updated: /kaggle/working/Hackaton_DeepL/checkpoints/D (Val F1: 27.31%)
2025-05-29 15:07:32,760 - Epoch 3 | Train Loss: 4.2864 | Train F1: 26.65% | Train Acc: 43.82% | Val Loss: 5.0520 | Val F1: 25.29% | Val Acc: 41.63% | Time: 40.14s | a_train: 0.4484
2025-05-29 15:07:32,760 - No improvement for 1 epoch(s). Best Val F1: 27.31%
2025-05-29 15:08:12,854 - Epoch 4 | Train Loss: 4.2091 | Train F1: 32.63% | Train Acc: 46.93% | Val Loss: 4.8905 | Val F1: 41.31% | Val Acc: 52.14% | Time: 40.09s | a_train: 0.4207
2025-05-29 15:08:12,870 - Best validation model updated: /kaggle/working/Hackaton_DeepL/checkpoints/D (Val F1: 41.31%)
2025-05-29 15:08:52,962 - Epoch 5 | Train Loss: 3.6990 | Train F1: 39.60% | Train Acc: 51.04% | Val Loss: 4.3777 | Val F1: 40.28% | Val Acc: 50.00% | Time: 40.09s | a_train: 0.5298
2025-05-29 15:08:52,962 - No improvement for 1 epoch(s). Best Val F1: 41.31%
2025-05-29 15:09:33,115 - Epoch 6 | Train Loss: 3.6727 | Train F1: 42.85% | Train Acc: 53.88% | Val Loss: 4.4048 | Val F1: 38.58% | Val Acc: 50.13% | Time: 40.15s | a_train: 0.5118
2025-05-29 15:09:33,115 - No improvement for 2 epoch(s). Best Val F1: 41.31%
2025-05-29 15:10:13,267 - Epoch 7 | Train Loss: 3.6050 | Train F1: 45.52% | Train Acc: 56.11% | Val Loss: 4.2607 | Val F1: 46.25% | Val Acc: 56.81% | Time: 40.15s | a_train: 0.5046
2025-05-29 15:10:13,281 - Best validation model updated: /kaggle/working/Hackaton_DeepL/checkpoints/D (Val F1: 46.25%)
2025-05-29 15:10:53,437 - Epoch 8 | Train Loss: 3.3090 | Train F1: 48.73% | Train Acc: 58.15% | Val Loss: 3.8458 | Val F1: 53.06% | Val Acc: 61.35% | Time: 40.15s | a_train: 0.5778
2025-05-29 15:10:53,449 - Best validation model updated: /kaggle/working/Hackaton_DeepL/checkpoints/D (Val F1: 53.06%)
2025-05-29 15:11:33,647 - Epoch 9 | Train Loss: 3.1601 | Train F1: 52.19% | Train Acc: 60.39% | Val Loss: 3.6369 | Val F1: 56.26% | Val Acc: 61.22% | Time: 40.20s | a_train: 0.6080
2025-05-29 15:11:33,660 - Best validation model updated: /kaggle/working/Hackaton_DeepL/checkpoints/D (Val F1: 56.26%)
2025-05-29 15:12:13,914 - Epoch 10 | Train Loss: 3.0656 | Train F1: 54.54% | Train Acc: 61.03% | Val Loss: 3.6140 | Val F1: 49.29% | Val Acc: 56.29% | Time: 40.25s | a_train: 0.6230
2025-05-29 15:12:13,914 - No improvement for 1 epoch(s). Best Val F1: 56.26%
2025-05-29 15:12:54,103 - Epoch 11 | Train Loss: 3.1756 | Train F1: 55.16% | Train Acc: 61.47% | Val Loss: 3.6626 | Val F1: 61.35% | Val Acc: 65.89% | Time: 40.19s | a_train: 0.5688
2025-05-29 15:12:54,118 - Best validation model updated: /kaggle/working/Hackaton_DeepL/checkpoints/D (Val F1: 61.35%)
2025-05-29 15:13:34,254 - Epoch 12 | Train Loss: 2.9055 | Train F1: 58.46% | Train Acc: 63.12% | Val Loss: 3.3434 | Val F1: 62.69% | Val Acc: 64.14% | Time: 40.13s | a_train: 0.6520
2025-05-29 15:13:34,264 - Best validation model updated: /kaggle/working/Hackaton_DeepL/checkpoints/D (Val F1: 62.69%)
2025-05-29 15:14:14,407 - Epoch 13 | Train Loss: 2.8622 | Train F1: 59.56% | Train Acc: 63.86% | Val Loss: 3.2913 | Val F1: 58.23% | Val Acc: 64.46% | Time: 40.14s | a_train: 0.6585
2025-05-29 15:14:14,408 - No improvement for 1 epoch(s). Best Val F1: 62.69%
2025-05-29 15:14:54,579 - Epoch 14 | Train Loss: 2.8471 | Train F1: 61.68% | Train Acc: 65.43% | Val Loss: 3.2821 | Val F1: 56.95% | Val Acc: 65.24% | Time: 40.17s | a_train: 0.6532
2025-05-29 15:14:54,579 - No improvement for 2 epoch(s). Best Val F1: 62.69%
2025-05-29 15:15:34,743 - Epoch 15 | Train Loss: 2.8251 | Train F1: 61.81% | Train Acc: 65.31% | Val Loss: 3.2834 | Val F1: 62.45% | Val Acc: 66.28% | Time: 40.16s | a_train: 0.6516
2025-05-29 15:15:34,744 - No improvement for 3 epoch(s). Best Val F1: 62.69%
2025-05-29 15:16:14,890 - Epoch 16 | Train Loss: 2.7358 | Train F1: 64.63% | Train Acc: 67.24% | Val Loss: 3.1376 | Val F1: 63.63% | Val Acc: 67.32% | Time: 40.15s | a_train: 0.6745
2025-05-29 15:16:14,904 - Best validation model updated: /kaggle/working/Hackaton_DeepL/checkpoints/D (Val F1: 63.63%)
2025-05-29 15:16:55,052 - Epoch 17 | Train Loss: 2.6898 | Train F1: 64.68% | Train Acc: 67.15% | Val Loss: 3.0910 | Val F1: 65.01% | Val Acc: 67.57% | Time: 40.15s | a_train: 0.6877
2025-05-29 15:16:55,063 - Best validation model updated: /kaggle/working/Hackaton_DeepL/checkpoints/D (Val F1: 65.01%)
2025-05-29 15:17:35,265 - Epoch 18 | Train Loss: 2.7109 | Train F1: 65.04% | Train Acc: 67.26% | Val Loss: 3.1362 | Val F1: 61.78% | Val Acc: 66.34% | Time: 40.20s | a_train: 0.6766
2025-05-29 15:17:35,266 - No improvement for 1 epoch(s). Best Val F1: 65.01%
2025-05-29 15:18:15,561 - Epoch 19 | Train Loss: 2.7137 | Train F1: 64.25% | Train Acc: 66.65% | Val Loss: 3.1160 | Val F1: 67.07% | Val Acc: 68.87% | Time: 40.29s | a_train: 0.6764
2025-05-29 15:18:15,575 - Best validation model updated: /kaggle/working/Hackaton_DeepL/checkpoints/D (Val F1: 67.07%)
2025-05-29 15:18:55,702 - Epoch 20 | Train Loss: 2.6243 | Train F1: 66.99% | Train Acc: 68.29% | Val Loss: 2.9873 | Val F1: 66.83% | Val Acc: 69.13% | Time: 40.13s | a_train: 0.7024
2025-05-29 15:18:55,703 - No improvement for 1 epoch(s). Best Val F1: 67.07%
2025-05-29 15:19:35,881 - Epoch 21 | Train Loss: 2.6016 | Train F1: 67.90% | Train Acc: 69.31% | Val Loss: 2.9919 | Val F1: 66.53% | Val Acc: 68.42% | Time: 40.18s | a_train: 0.7022
2025-05-29 15:19:35,882 - No improvement for 2 epoch(s). Best Val F1: 67.07%
2025-05-29 15:20:16,045 - Epoch 22 | Train Loss: 2.5942 | Train F1: 68.99% | Train Acc: 69.74% | Val Loss: 2.9743 | Val F1: 68.39% | Val Acc: 69.71% | Time: 40.16s | a_train: 0.7000
2025-05-29 15:20:16,060 - Best validation model updated: /kaggle/working/Hackaton_DeepL/checkpoints/D (Val F1: 68.39%)
2025-05-29 15:20:56,240 - Epoch 23 | Train Loss: 2.5803 | Train F1: 68.35% | Train Acc: 69.64% | Val Loss: 2.9840 | Val F1: 66.44% | Val Acc: 67.12% | Time: 40.18s | a_train: 0.7055
2025-05-29 15:20:56,241 - No improvement for 1 epoch(s). Best Val F1: 68.39%
2025-05-29 15:21:36,378 - Epoch 24 | Train Loss: 2.5994 | Train F1: 70.04% | Train Acc: 70.42% | Val Loss: 2.9957 | Val F1: 71.02% | Val Acc: 71.47% | Time: 40.14s | a_train: 0.6905
2025-05-29 15:21:36,391 - Best validation model updated: /kaggle/working/Hackaton_DeepL/checkpoints/D (Val F1: 71.02%)
2025-05-29 15:22:16,567 - Epoch 25 | Train Loss: 2.4869 | Train F1: 71.17% | Train Acc: 71.19% | Val Loss: 2.8264 | Val F1: 72.04% | Val Acc: 71.08% | Time: 40.17s | a_train: 0.7335
2025-05-29 15:22:16,579 - Best validation model updated: /kaggle/working/Hackaton_DeepL/checkpoints/D (Val F1: 72.04%)
2025-05-29 15:22:56,700 - Epoch 26 | Train Loss: 2.5229 | Train F1: 71.51% | Train Acc: 71.15% | Val Loss: 2.8979 | Val F1: 67.53% | Val Acc: 69.91% | Time: 40.12s | a_train: 0.7177
2025-05-29 15:22:56,700 - No improvement for 1 epoch(s). Best Val F1: 72.04%
2025-05-29 15:23:36,857 - Epoch 27 | Train Loss: 2.5264 | Train F1: 71.37% | Train Acc: 71.33% | Val Loss: 2.9047 | Val F1: 70.44% | Val Acc: 71.08% | Time: 40.16s | a_train: 0.7146
2025-05-29 15:23:36,858 - No improvement for 2 epoch(s). Best Val F1: 72.04%
2025-05-29 15:24:17,074 - Epoch 28 | Train Loss: 2.4911 | Train F1: 71.75% | Train Acc: 71.46% | Val Loss: 2.8663 | Val F1: 69.57% | Val Acc: 70.88% | Time: 40.22s | a_train: 0.7266
2025-05-29 15:24:17,075 - No improvement for 3 epoch(s). Best Val F1: 72.04%
2025-05-29 15:24:57,263 - Epoch 29 | Train Loss: 2.4754 | Train F1: 73.08% | Train Acc: 72.48% | Val Loss: 2.8062 | Val F1: 73.98% | Val Acc: 73.15% | Time: 40.19s | a_train: 0.7275
2025-05-29 15:24:57,277 - Best validation model updated: /kaggle/working/Hackaton_DeepL/checkpoints/D (Val F1: 73.98%)
2025-05-29 15:25:37,419 - Epoch 30 | Train Loss: 2.4317 | Train F1: 74.23% | Train Acc: 73.21% | Val Loss: 2.7912 | Val F1: 70.60% | Val Acc: 71.34% | Time: 40.14s | a_train: 0.7432
2025-05-29 15:25:37,420 - No improvement for 1 epoch(s). Best Val F1: 73.98%
2025-05-29 15:26:17,533 - Epoch 31 | Train Loss: 2.4671 | Train F1: 74.23% | Train Acc: 73.11% | Val Loss: 2.8505 | Val F1: 73.36% | Val Acc: 71.60% | Time: 40.11s | a_train: 0.7256
2025-05-29 15:26:17,534 - No improvement for 2 epoch(s). Best Val F1: 73.98%
2025-05-29 15:26:57,685 - Epoch 32 | Train Loss: 2.4351 | Train F1: 74.43% | Train Acc: 72.89% | Val Loss: 2.7526 | Val F1: 76.62% | Val Acc: 74.77% | Time: 40.15s | a_train: 0.7395
2025-05-29 15:26:57,699 - Best validation model updated: /kaggle/working/Hackaton_DeepL/checkpoints/D (Val F1: 76.62%)
2025-05-29 15:27:37,823 - Epoch 33 | Train Loss: 2.3892 | Train F1: 75.02% | Train Acc: 73.35% | Val Loss: 2.6988 | Val F1: 76.16% | Val Acc: 74.97% | Time: 40.12s | a_train: 0.7557
2025-05-29 15:27:37,824 - No improvement for 1 epoch(s). Best Val F1: 76.62%
2025-05-29 15:28:17,949 - Epoch 34 | Train Loss: 2.3880 | Train F1: 74.85% | Train Acc: 73.17% | Val Loss: 2.7098 | Val F1: 74.29% | Val Acc: 72.89% | Time: 40.12s | a_train: 0.7568
2025-05-29 15:28:17,949 - No improvement for 2 epoch(s). Best Val F1: 76.62%
2025-05-29 15:28:58,080 - Epoch 35 | Train Loss: 2.4161 | Train F1: 75.02% | Train Acc: 73.37% | Val Loss: 2.7611 | Val F1: 75.29% | Val Acc: 73.74% | Time: 40.13s | a_train: 0.7433
2025-05-29 15:28:58,081 - No improvement for 3 epoch(s). Best Val F1: 76.62%
2025-05-29 15:29:38,239 - Epoch 36 | Train Loss: 2.3893 | Train F1: 74.37% | Train Acc: 72.93% | Val Loss: 2.7038 | Val F1: 71.85% | Val Acc: 72.05% | Time: 40.16s | a_train: 0.7593
2025-05-29 15:29:38,239 - No improvement for 4 epoch(s). Best Val F1: 76.62%
2025-05-29 15:30:18,537 - Epoch 37 | Train Loss: 2.4251 | Train F1: 75.62% | Train Acc: 73.71% | Val Loss: 2.8176 | Val F1: 74.67% | Val Acc: 72.31% | Time: 40.30s | a_train: 0.7388
2025-05-29 15:30:18,538 - No improvement for 5 epoch(s). Best Val F1: 76.62%
2025-05-29 15:30:58,710 - Epoch 38 | Train Loss: 2.4297 | Train F1: 75.88% | Train Acc: 73.51% | Val Loss: 2.7869 | Val F1: 76.39% | Val Acc: 74.38% | Time: 40.17s | a_train: 0.7367
2025-05-29 15:30:58,711 - No improvement for 6 epoch(s). Best Val F1: 76.62%
2025-05-29 15:31:38,849 - Epoch 39 | Train Loss: 2.3760 | Train F1: 77.06% | Train Acc: 74.75% | Val Loss: 2.7132 | Val F1: 72.19% | Val Acc: 72.50% | Time: 40.14s | a_train: 0.7530
2025-05-29 15:31:38,850 - No improvement for 7 epoch(s). Best Val F1: 76.62%
2025-05-29 15:32:19,075 - Epoch 40 | Train Loss: 2.3914 | Train F1: 77.58% | Train Acc: 75.02% | Val Loss: 2.7560 | Val F1: 75.01% | Val Acc: 72.83% | Time: 40.22s | a_train: 0.7449
2025-05-29 15:32:19,076 - No improvement for 8 epoch(s). Best Val F1: 76.62%
2025-05-29 15:32:59,195 - Epoch 41 | Train Loss: 2.3828 | Train F1: 76.23% | Train Acc: 74.18% | Val Loss: 2.7192 | Val F1: 73.92% | Val Acc: 73.35% | Time: 40.12s | a_train: 0.7541
2025-05-29 15:32:59,195 - No improvement for 9 epoch(s). Best Val F1: 76.62%
2025-05-29 15:33:39,642 - Epoch 42 | Train Loss: 2.3745 | Train F1: 77.60% | Train Acc: 75.03% | Val Loss: 2.7193 | Val F1: 77.87% | Val Acc: 74.64% | Time: 40.45s | a_train: 0.7544
2025-05-29 15:33:39,656 - Best validation model updated: /kaggle/working/Hackaton_DeepL/checkpoints/D (Val F1: 77.87%)
2025-05-29 15:34:19,756 - Epoch 43 | Train Loss: 2.3793 | Train F1: 76.97% | Train Acc: 74.62% | Val Loss: 2.7564 | Val F1: 71.04% | Val Acc: 69.91% | Time: 40.10s | a_train: 0.7577
2025-05-29 15:34:19,756 - No improvement for 1 epoch(s). Best Val F1: 77.87%
2025-05-29 15:34:59,874 - Epoch 44 | Train Loss: 2.4162 | Train F1: 77.02% | Train Acc: 74.69% | Val Loss: 2.8453 | Val F1: 72.14% | Val Acc: 69.71% | Time: 40.12s | a_train: 0.7352
2025-05-29 15:34:59,875 - No improvement for 2 epoch(s). Best Val F1: 77.87%
2025-05-29 15:35:39,975 - Epoch 45 | Train Loss: 2.4532 | Train F1: 77.17% | Train Acc: 74.48% | Val Loss: 2.8886 | Val F1: 75.48% | Val Acc: 70.75% | Time: 40.10s | a_train: 0.7180
2025-05-29 15:35:39,976 - No improvement for 3 epoch(s). Best Val F1: 77.87%
2025-05-29 15:36:20,271 - Epoch 46 | Train Loss: 2.4206 | Train F1: 77.48% | Train Acc: 75.04% | Val Loss: 2.8122 | Val F1: 73.51% | Val Acc: 73.61% | Time: 40.29s | a_train: 0.7299
2025-05-29 15:36:20,272 - No improvement for 4 epoch(s). Best Val F1: 77.87%
2025-05-29 15:37:00,395 - Epoch 47 | Train Loss: 2.3718 | Train F1: 78.17% | Train Acc: 75.15% | Val Loss: 2.7228 | Val F1: 78.90% | Val Acc: 75.62% | Time: 40.12s | a_train: 0.7503
2025-05-29 15:37:00,409 - Best validation model updated: /kaggle/working/Hackaton_DeepL/checkpoints/D (Val F1: 78.90%)
2025-05-29 15:37:40,567 - Epoch 48 | Train Loss: 2.3169 | Train F1: 79.50% | Train Acc: 76.17% | Val Loss: 2.6871 | Val F1: 74.08% | Val Acc: 71.08% | Time: 40.16s | a_train: 0.7720
2025-05-29 15:37:40,568 - No improvement for 1 epoch(s). Best Val F1: 78.90%
2025-05-29 15:38:20,716 - Epoch 49 | Train Loss: 2.3905 | Train F1: 78.12% | Train Acc: 74.96% | Val Loss: 2.8099 | Val F1: 72.88% | Val Acc: 71.08% | Time: 40.15s | a_train: 0.7430
2025-05-29 15:38:20,717 - No improvement for 2 epoch(s). Best Val F1: 78.90%
2025-05-29 15:39:00,836 - Epoch 50 | Train Loss: 2.4075 | Train F1: 78.81% | Train Acc: 75.72% | Val Loss: 2.8134 | Val F1: 77.49% | Val Acc: 75.23% | Time: 40.12s | a_train: 0.7317
2025-05-29 15:39:00,837 - No improvement for 3 epoch(s). Best Val F1: 78.90%
2025-05-29 15:39:40,976 - Epoch 51 | Train Loss: 2.3147 | Train F1: 79.66% | Train Acc: 76.01% | Val Loss: 2.6443 | Val F1: 76.64% | Val Acc: 74.71% | Time: 40.14s | a_train: 0.7748
2025-05-29 15:39:40,977 - No improvement for 4 epoch(s). Best Val F1: 78.90%
2025-05-29 15:40:21,093 - Epoch 52 | Train Loss: 2.3194 | Train F1: 79.91% | Train Acc: 76.40% | Val Loss: 2.6444 | Val F1: 77.03% | Val Acc: 74.58% | Time: 40.11s | a_train: 0.7725
2025-05-29 15:40:21,093 - No improvement for 5 epoch(s). Best Val F1: 78.90%
2025-05-29 15:41:01,170 - Epoch 53 | Train Loss: 2.3055 | Train F1: 80.39% | Train Acc: 76.65% | Val Loss: 2.6238 | Val F1: 78.90% | Val Acc: 75.10% | Time: 40.08s | a_train: 0.7758
2025-05-29 15:41:01,184 - Best validation model updated: /kaggle/working/Hackaton_DeepL/checkpoints/D (Val F1: 78.90%)
2025-05-29 15:41:41,388 - Epoch 54 | Train Loss: 2.2980 | Train F1: 79.48% | Train Acc: 76.01% | Val Loss: 2.6026 | Val F1: 78.72% | Val Acc: 75.88% | Time: 40.20s | a_train: 0.7816
2025-05-29 15:41:41,388 - No improvement for 1 epoch(s). Best Val F1: 78.90%
2025-05-29 15:42:21,716 - Epoch 55 | Train Loss: 2.3083 | Train F1: 79.72% | Train Acc: 76.04% | Val Loss: 2.6429 | Val F1: 76.33% | Val Acc: 72.96% | Time: 40.33s | a_train: 0.7772
2025-05-29 15:42:21,716 - No improvement for 2 epoch(s). Best Val F1: 78.90%
2025-05-29 15:43:01,873 - Epoch 56 | Train Loss: 2.3175 | Train F1: 79.83% | Train Acc: 76.30% | Val Loss: 2.6816 | Val F1: 75.25% | Val Acc: 73.99% | Time: 40.16s | a_train: 0.7704
2025-05-29 15:43:01,874 - No improvement for 3 epoch(s). Best Val F1: 78.90%
2025-05-29 15:43:42,026 - Epoch 57 | Train Loss: 2.3140 | Train F1: 79.91% | Train Acc: 76.14% | Val Loss: 2.6578 | Val F1: 76.72% | Val Acc: 74.06% | Time: 40.15s | a_train: 0.7740
2025-05-29 15:43:42,027 - No improvement for 4 epoch(s). Best Val F1: 78.90%
2025-05-29 15:44:22,246 - Epoch 58 | Train Loss: 2.3092 | Train F1: 79.98% | Train Acc: 76.31% | Val Loss: 2.6469 | Val F1: 78.16% | Val Acc: 75.68% | Time: 40.22s | a_train: 0.7743
2025-05-29 15:44:22,247 - No improvement for 5 epoch(s). Best Val F1: 78.90%
2025-05-29 15:45:02,430 - Epoch 59 | Train Loss: 2.2954 | Train F1: 79.96% | Train Acc: 76.24% | Val Loss: 2.6364 | Val F1: 78.37% | Val Acc: 73.28% | Time: 40.18s | a_train: 0.7812
2025-05-29 15:45:02,431 - No improvement for 6 epoch(s). Best Val F1: 78.90%
2025-05-29 15:45:42,585 - Epoch 60 | Train Loss: 2.3090 | Train F1: 80.30% | Train Acc: 76.59% | Val Loss: 2.6447 | Val F1: 77.96% | Val Acc: 75.55% | Time: 40.15s | a_train: 0.7758
2025-05-29 15:45:42,586 - No improvement for 7 epoch(s). Best Val F1: 78.90%
2025-05-29 15:46:22,678 - Epoch 61 | Train Loss: 2.3032 | Train F1: 80.45% | Train Acc: 76.53% | Val Loss: 2.6396 | Val F1: 77.60% | Val Acc: 73.99% | Time: 40.09s | a_train: 0.7788
2025-05-29 15:46:22,678 - No improvement for 8 epoch(s). Best Val F1: 78.90%
2025-05-29 15:47:02,859 - Epoch 62 | Train Loss: 2.3164 | Train F1: 80.21% | Train Acc: 76.59% | Val Loss: 2.6746 | Val F1: 77.52% | Val Acc: 74.19% | Time: 40.18s | a_train: 0.7723
2025-05-29 15:47:02,859 - No improvement for 9 epoch(s). Best Val F1: 78.90%
2025-05-29 15:47:43,061 - Epoch 63 | Train Loss: 2.3118 | Train F1: 80.26% | Train Acc: 76.63% | Val Loss: 2.6554 | Val F1: 75.24% | Val Acc: 74.45% | Time: 40.20s | a_train: 0.7737
2025-05-29 15:47:43,061 - No improvement for 10 epoch(s). Best Val F1: 78.90%
2025-05-29 15:48:23,339 - Epoch 64 | Train Loss: 2.3446 | Train F1: 80.58% | Train Acc: 76.78% | Val Loss: 2.7102 | Val F1: 79.07% | Val Acc: 75.68% | Time: 40.28s | a_train: 0.7562
2025-05-29 15:48:23,350 - Best validation model updated: /kaggle/working/Hackaton_DeepL/checkpoints/D (Val F1: 79.07%)
2025-05-29 15:49:03,913 - Epoch 65 | Train Loss: 2.2949 | Train F1: 79.50% | Train Acc: 75.90% | Val Loss: 2.6341 | Val F1: 76.53% | Val Acc: 73.22% | Time: 40.56s | a_train: 0.7869
2025-05-29 15:49:03,913 - No improvement for 1 epoch(s). Best Val F1: 79.07%
2025-05-29 15:49:44,009 - Epoch 66 | Train Loss: 2.3313 | Train F1: 79.34% | Train Acc: 76.15% | Val Loss: 2.6798 | Val F1: 77.83% | Val Acc: 74.97% | Time: 40.10s | a_train: 0.7667
2025-05-29 15:49:44,010 - No improvement for 2 epoch(s). Best Val F1: 79.07%
2025-05-29 15:50:24,065 - Epoch 67 | Train Loss: 2.3016 | Train F1: 79.55% | Train Acc: 76.14% | Val Loss: 2.6437 | Val F1: 75.39% | Val Acc: 74.06% | Time: 40.05s | a_train: 0.7794
2025-05-29 15:50:24,066 - No improvement for 3 epoch(s). Best Val F1: 79.07%
2025-05-29 15:51:04,139 - Epoch 68 | Train Loss: 2.3262 | Train F1: 80.40% | Train Acc: 76.52% | Val Loss: 2.7014 | Val F1: 74.95% | Val Acc: 73.15% | Time: 40.07s | a_train: 0.7657
2025-05-29 15:51:04,140 - No improvement for 4 epoch(s). Best Val F1: 79.07%
2025-05-29 15:51:44,213 - Epoch 69 | Train Loss: 2.3263 | Train F1: 80.74% | Train Acc: 76.84% | Val Loss: 2.6964 | Val F1: 78.48% | Val Acc: 74.84% | Time: 40.07s | a_train: 0.7699
2025-05-29 15:51:44,214 - No improvement for 5 epoch(s). Best Val F1: 79.07%
2025-05-29 15:52:24,258 - Epoch 70 | Train Loss: 2.2886 | Train F1: 81.37% | Train Acc: 77.07% | Val Loss: 2.6322 | Val F1: 77.43% | Val Acc: 74.19% | Time: 40.04s | a_train: 0.7850
2025-05-29 15:52:24,259 - No improvement for 6 epoch(s). Best Val F1: 79.07%
2025-05-29 15:53:04,362 - Epoch 71 | Train Loss: 2.2952 | Train F1: 80.87% | Train Acc: 76.83% | Val Loss: 2.6321 | Val F1: 79.54% | Val Acc: 74.84% | Time: 40.10s | a_train: 0.7811
2025-05-29 15:53:04,378 - Best validation model updated: /kaggle/working/Hackaton_DeepL/checkpoints/D (Val F1: 79.54%)
2025-05-29 15:53:44,499 - Epoch 72 | Train Loss: 2.2790 | Train F1: 81.56% | Train Acc: 77.39% | Val Loss: 2.6374 | Val F1: 76.41% | Val Acc: 75.03% | Time: 40.12s | a_train: 0.7861
2025-05-29 15:53:44,499 - No improvement for 1 epoch(s). Best Val F1: 79.54%
2025-05-29 15:54:24,679 - Epoch 73 | Train Loss: 2.2944 | Train F1: 80.53% | Train Acc: 76.68% | Val Loss: 2.6398 | Val F1: 78.52% | Val Acc: 75.23% | Time: 40.18s | a_train: 0.7816
2025-05-29 15:54:24,680 - No improvement for 2 epoch(s). Best Val F1: 79.54%
2025-05-29 15:55:04,760 - Epoch 74 | Train Loss: 2.2818 | Train F1: 81.85% | Train Acc: 77.72% | Val Loss: 2.6275 | Val F1: 78.93% | Val Acc: 75.03% | Time: 40.08s | a_train: 0.7834
2025-05-29 15:55:04,761 - No improvement for 3 epoch(s). Best Val F1: 79.54%
2025-05-29 15:55:44,886 - Epoch 75 | Train Loss: 2.2756 | Train F1: 81.40% | Train Acc: 77.53% | Val Loss: 2.6113 | Val F1: 79.08% | Val Acc: 75.62% | Time: 40.12s | a_train: 0.7862
2025-05-29 15:55:44,886 - No improvement for 4 epoch(s). Best Val F1: 79.54%
2025-05-29 15:56:24,976 - Epoch 76 | Train Loss: 2.2693 | Train F1: 81.35% | Train Acc: 77.59% | Val Loss: 2.6069 | Val F1: 79.04% | Val Acc: 74.77% | Time: 40.09s | a_train: 0.7875
2025-05-29 15:56:24,977 - No improvement for 5 epoch(s). Best Val F1: 79.54%
2025-05-29 15:57:05,020 - Epoch 77 | Train Loss: 2.2530 | Train F1: 82.50% | Train Acc: 77.81% | Val Loss: 2.5977 | Val F1: 77.37% | Val Acc: 74.77% | Time: 40.04s | a_train: 0.7953
2025-05-29 15:57:05,020 - No improvement for 6 epoch(s). Best Val F1: 79.54%
2025-05-29 15:57:45,087 - Epoch 78 | Train Loss: 2.2761 | Train F1: 81.59% | Train Acc: 77.58% | Val Loss: 2.6136 | Val F1: 78.48% | Val Acc: 76.07% | Time: 40.07s | a_train: 0.7866
2025-05-29 15:57:45,088 - No improvement for 7 epoch(s). Best Val F1: 79.54%
2025-05-29 15:58:25,213 - Epoch 79 | Train Loss: 2.2710 | Train F1: 81.59% | Train Acc: 77.71% | Val Loss: 2.6515 | Val F1: 76.03% | Val Acc: 72.83% | Time: 40.13s | a_train: 0.7871
2025-05-29 15:58:25,214 - No improvement for 8 epoch(s). Best Val F1: 79.54%
2025-05-29 15:59:05,326 - Epoch 80 | Train Loss: 2.3105 | Train F1: 80.89% | Train Acc: 76.92% | Val Loss: 2.7020 | Val F1: 76.49% | Val Acc: 75.03% | Time: 40.11s | a_train: 0.7723
2025-05-29 15:59:05,327 - No improvement for 9 epoch(s). Best Val F1: 79.54%
2025-05-29 15:59:45,491 - Epoch 81 | Train Loss: 2.2903 | Train F1: 81.96% | Train Acc: 77.73% | Val Loss: 2.6547 | Val F1: 79.55% | Val Acc: 75.16% | Time: 40.16s | a_train: 0.7779
2025-05-29 15:59:45,505 - Best validation model updated: /kaggle/working/Hackaton_DeepL/checkpoints/D (Val F1: 79.55%)
2025-05-29 16:00:25,636 - Epoch 82 | Train Loss: 2.2763 | Train F1: 81.20% | Train Acc: 77.13% | Val Loss: 2.6233 | Val F1: 76.38% | Val Acc: 73.48% | Time: 40.13s | a_train: 0.7898
2025-05-29 16:00:25,636 - No improvement for 1 epoch(s). Best Val F1: 79.55%
2025-05-29 16:01:05,706 - Epoch 83 | Train Loss: 2.2950 | Train F1: 81.63% | Train Acc: 77.71% | Val Loss: 2.6529 | Val F1: 79.60% | Val Acc: 76.52% | Time: 40.07s | a_train: 0.7770
2025-05-29 16:01:05,719 - Best validation model updated: /kaggle/working/Hackaton_DeepL/checkpoints/D (Val F1: 79.60%)
2025-05-29 16:01:45,848 - Epoch 84 | Train Loss: 2.2637 | Train F1: 81.48% | Train Acc: 77.45% | Val Loss: 2.5945 | Val F1: 78.13% | Val Acc: 76.26% | Time: 40.13s | a_train: 0.7924
2025-05-29 16:01:45,848 - No improvement for 1 epoch(s). Best Val F1: 79.60%
2025-05-29 16:02:25,922 - Epoch 85 | Train Loss: 2.2705 | Train F1: 82.63% | Train Acc: 78.10% | Val Loss: 2.6370 | Val F1: 78.01% | Val Acc: 73.02% | Time: 40.07s | a_train: 0.7879
2025-05-29 16:02:25,923 - No improvement for 2 epoch(s). Best Val F1: 79.60%
2025-05-29 16:03:06,016 - Epoch 86 | Train Loss: 2.3055 | Train F1: 81.53% | Train Acc: 77.39% | Val Loss: 2.6817 | Val F1: 79.86% | Val Acc: 75.10% | Time: 40.09s | a_train: 0.7748
2025-05-29 16:03:06,032 - Best validation model updated: /kaggle/working/Hackaton_DeepL/checkpoints/D (Val F1: 79.86%)
2025-05-29 16:03:46,166 - Epoch 87 | Train Loss: 2.2773 | Train F1: 81.26% | Train Acc: 77.60% | Val Loss: 2.6111 | Val F1: 77.45% | Val Acc: 74.45% | Time: 40.13s | a_train: 0.7925
2025-05-29 16:03:46,166 - No improvement for 1 epoch(s). Best Val F1: 79.86%
2025-05-29 16:04:26,230 - Epoch 88 | Train Loss: 2.2807 | Train F1: 82.29% | Train Acc: 78.19% | Val Loss: 2.6342 | Val F1: 79.63% | Val Acc: 75.88% | Time: 40.06s | a_train: 0.7851
2025-05-29 16:04:26,231 - No improvement for 2 epoch(s). Best Val F1: 79.86%
2025-05-29 16:05:06,283 - Epoch 89 | Train Loss: 2.2647 | Train F1: 82.18% | Train Acc: 77.94% | Val Loss: 2.6116 | Val F1: 80.04% | Val Acc: 75.10% | Time: 40.05s | a_train: 0.7925
2025-05-29 16:05:06,297 - Best validation model updated: /kaggle/working/Hackaton_DeepL/checkpoints/D (Val F1: 80.04%)
2025-05-29 16:05:46,497 - Epoch 90 | Train Loss: 2.2602 | Train F1: 81.59% | Train Acc: 77.55% | Val Loss: 2.6001 | Val F1: 78.85% | Val Acc: 75.23% | Time: 40.20s | a_train: 0.7941
2025-05-29 16:05:46,498 - No improvement for 1 epoch(s). Best Val F1: 80.04%
2025-05-29 16:06:26,570 - Epoch 91 | Train Loss: 2.2673 | Train F1: 82.59% | Train Acc: 78.26% | Val Loss: 2.6096 | Val F1: 80.77% | Val Acc: 76.65% | Time: 40.07s | a_train: 0.7887
2025-05-29 16:06:26,583 - Best validation model updated: /kaggle/working/Hackaton_DeepL/checkpoints/D (Val F1: 80.77%)
2025-05-29 16:07:06,702 - Epoch 92 | Train Loss: 2.2451 | Train F1: 82.71% | Train Acc: 78.27% | Val Loss: 2.5660 | Val F1: 80.69% | Val Acc: 77.30% | Time: 40.12s | a_train: 0.8002
2025-05-29 16:07:06,703 - No improvement for 1 epoch(s). Best Val F1: 80.77%
2025-05-29 16:07:46,781 - Epoch 93 | Train Loss: 2.2330 | Train F1: 83.20% | Train Acc: 79.01% | Val Loss: 2.5517 | Val F1: 80.70% | Val Acc: 76.39% | Time: 40.08s | a_train: 0.8038
2025-05-29 16:07:46,781 - No improvement for 2 epoch(s). Best Val F1: 80.77%
2025-05-29 16:08:26,891 - Epoch 94 | Train Loss: 2.2399 | Train F1: 83.07% | Train Acc: 78.87% | Val Loss: 2.5891 | Val F1: 78.05% | Val Acc: 75.10% | Time: 40.11s | a_train: 0.8021
2025-05-29 16:08:26,892 - No improvement for 3 epoch(s). Best Val F1: 80.77%
2025-05-29 16:09:06,980 - Epoch 95 | Train Loss: 2.2662 | Train F1: 82.21% | Train Acc: 77.83% | Val Loss: 2.6120 | Val F1: 79.43% | Val Acc: 75.10% | Time: 40.09s | a_train: 0.7933
2025-05-29 16:09:06,981 - No improvement for 4 epoch(s). Best Val F1: 80.77%
2025-05-29 16:09:47,084 - Epoch 96 | Train Loss: 2.2711 | Train F1: 82.26% | Train Acc: 77.90% | Val Loss: 2.6092 | Val F1: 79.64% | Val Acc: 76.01% | Time: 40.10s | a_train: 0.7910
2025-05-29 16:09:47,084 - No improvement for 5 epoch(s). Best Val F1: 80.77%
2025-05-29 16:10:27,093 - Epoch 97 | Train Loss: 2.2446 | Train F1: 83.07% | Train Acc: 78.55% | Val Loss: 2.5977 | Val F1: 78.86% | Val Acc: 74.06% | Time: 40.01s | a_train: 0.8008
2025-05-29 16:10:27,094 - No improvement for 6 epoch(s). Best Val F1: 80.77%
2025-05-29 16:11:07,193 - Epoch 98 | Train Loss: 2.2674 | Train F1: 82.20% | Train Acc: 78.22% | Val Loss: 2.6183 | Val F1: 80.54% | Val Acc: 76.39% | Time: 40.10s | a_train: 0.7922
2025-05-29 16:11:07,194 - No improvement for 7 epoch(s). Best Val F1: 80.77%
2025-05-29 16:11:47,412 - Epoch 99 | Train Loss: 2.2566 | Train F1: 82.47% | Train Acc: 78.42% | Val Loss: 2.6026 | Val F1: 79.95% | Val Acc: 75.88% | Time: 40.22s | a_train: 0.7957
2025-05-29 16:11:47,413 - No improvement for 8 epoch(s). Best Val F1: 80.77%
2025-05-29 16:12:27,510 - Epoch 100 | Train Loss: 2.2472 | Train F1: 82.97% | Train Acc: 78.43% | Val Loss: 2.5849 | Val F1: 79.51% | Val Acc: 75.36% | Time: 40.10s | a_train: 0.8037
2025-05-29 16:12:27,511 - No improvement for 9 epoch(s). Best Val F1: 80.77%
2025-05-29 16:12:27,511 - 
============================================================
2025-05-29 16:12:27,512 - >>> Training completed in 4015.53 seconds
2025-05-29 16:12:27,512 - ============================================================

2025-05-29 16:12:28,032 - >>> Loading model from /kaggle/working/Hackaton_DeepL/checkpoints/model_D_best.pth for prediction.
2025-05-29 16:12:28,046 - >>> Preparing test dataset...
2025-05-29 16:13:10,864 - >>> Generating predictions for the test set...
2025-05-29 16:13:13,409 - Predictions saved to /submissions
2025-05-29 16:13:13,410 - Main script finished <<<
